<?xml version="1.0" encoding="UTF-8"?>
<testsuite xmlns:xsi="http://www.w3.org/2001/XMLSchema-instance" xsi:noNamespaceSchemaLocation="https://maven.apache.org/surefire/maven-surefire-plugin/xsd/surefire-test-report-3.0.xsd" version="3.0" name="Controller.CustomerControllerTest" time="1.674" tests="15" errors="0" skipped="0" failures="0">
  <properties>
[...]
</properties>
  <testcase name="testAddCustomerWithSQLException" classname="Controller.CustomerControllerTest" time="0.339">
    <system-err><![CDATA[java.sql.SQLException: Mocked SQL exception
	at Controller.CustomerController.addCustomer(CustomerController.java:128)
	at Controller.CustomerControllerTest.testAddCustomerWithSQLException(CustomerControllerTest.java:316)
	at java.base/jdk.internal.reflect.NativeMethodAccessorImpl.invoke0(Native Method)
	at java.base/jdk.internal.reflect.NativeMethodAccessorImpl.invoke(NativeMethodAccessorImpl.java:62)
	at java.base/jdk.internal.reflect.DelegatingMethodAccessorImpl.invoke(DelegatingMethodAccessorImpl.java:43)
	at java.base/java.lang.reflect.Method.invoke(Method.java:566)
	at org.junit.runners.model.FrameworkMethod$1.runReflectiveCall(FrameworkMethod.java:59)
	at org.junit.internal.runners.model.ReflectiveCallable.run(ReflectiveCallable.java:12)
	at org.junit.runners.model.FrameworkMethod.invokeExplosively(FrameworkMethod.java:56)
	at org.junit.internal.runners.statements.InvokeMethod.evaluate(InvokeMethod.java:17)
	at org.junit.internal.runners.statements.RunBefores.evaluate(RunBefores.java:26)
	at org.junit.runners.ParentRunner$3.evaluate(ParentRunner.java:306)
	at org.junit.runners.BlockJUnit4ClassRunner$1.evaluate(BlockJUnit4ClassRunner.java:100)
	at org.junit.runners.ParentRunner.runLeaf(ParentRunner.java:366)
	at org.junit.runners.BlockJUnit4ClassRunner.runChild(BlockJUnit4ClassRunner.java:103)
	at org.junit.runners.BlockJUnit4ClassRunner.runChild(BlockJUnit4ClassRunner.java:63)
	at org.junit.runners.ParentRunner$4.run(ParentRunner.java:331)
	at org.junit.runners.ParentRunner$1.schedule(ParentRunner.java:79)
	at org.junit.runners.ParentRunner.runChildren(ParentRunner.java:329)
	at org.junit.runners.ParentRunner.access$100(ParentRunner.java:66)
	at org.junit.runners.ParentRunner$2.evaluate(ParentRunner.java:293)
	at org.junit.runners.ParentRunner$3.evaluate(ParentRunner.java:306)
	at org.junit.runners.ParentRunner.run(ParentRunner.java:413)
	at org.apache.maven.surefire.junit4.JUnit4Provider.execute(JUnit4Provider.java:316)
	at org.apache.maven.surefire.junit4.JUnit4Provider.executeWithRerun(JUnit4Provider.java:240)
	at org.apache.maven.surefire.junit4.JUnit4Provider.executeTestSet(JUnit4Provider.java:214)
	at org.apache.maven.surefire.junit4.JUnit4Provider.invoke(JUnit4Provider.java:155)
	at org.apache.maven.surefire.booter.ForkedBooter.runSuitesInProcess(ForkedBooter.java:385)
	at org.apache.maven.surefire.booter.ForkedBooter.execute(ForkedBooter.java:162)
	at org.apache.maven.surefire.booter.ForkedBooter.run(ForkedBooter.java:507)
	at org.apache.maven.surefire.booter.ForkedBooter.main(ForkedBooter.java:495)
]]></system-err>
  </testcase>
  <testcase name="testGetCustomerById" classname="Controller.CustomerControllerTest" time="0.0"/>
  <testcase name="testGetAllCustomersWithSQLException" classname="Controller.CustomerControllerTest" time="0.861">
    <system-out><![CDATA[Unable to get all customers: java.sql.SQLException: Mocked SQL exception
]]></system-out>
  </testcase>
  <testcase name="testGetCustomersByName" classname="Controller.CustomerControllerTest" time="0.0"/>
  <testcase name="testAddCustomer" classname="Controller.CustomerControllerTest" time="0.008"/>
  <testcase name="testConstructor2" classname="Controller.CustomerControllerTest" time="0.166"/>
  <testcase name="testRemoveCustomerFailure" classname="Controller.CustomerControllerTest" time="0.103">
    <system-out><![CDATA[Unable to remove customer: java.sql.SQLException
]]></system-out>
  </testcase>
  <testcase name="testGetAllCustomers" classname="Controller.CustomerControllerTest" time="0.0"/>
  <testcase name="testClearBalanceFailure" classname="Controller.CustomerControllerTest" time="0.008">
    <system-out><![CDATA[Unable to update customer: java.sql.SQLException
]]></system-out>
  </testcase>
  <testcase name="testConstructorWithException" classname="Controller.CustomerControllerTest" time="0.013">
    <system-out><![CDATA[Caught expected exception: Mocked exception
]]></system-out>
  </testcase>
  <testcase name="testGetCustomersByNameWithSQLException" classname="Controller.CustomerControllerTest" time="0.054">
    <system-out><![CDATA[Unable to get customers: java.sql.SQLException: Mocked SQL exception
]]></system-out>
  </testcase>
  <testcase name="testClearBalance" classname="Controller.CustomerControllerTest" time="0.0"/>
  <testcase name="testGetCustomerByIdWithSQLException" classname="Controller.CustomerControllerTest" time="0.052">
    <system-out><![CDATA[Unable to get customers: java.sql.SQLException: Mocked SQL exception
]]></system-out>
  </testcase>
  <testcase name="testConstructor" classname="Controller.CustomerControllerTest" time="0.026"/>
  <testcase name="testRemoveCustomer" classname="Controller.CustomerControllerTest" time="0.001"/>
</testsuite>