<?xml version="1.0" encoding="UTF-8"?>
<testsuite xmlns:xsi="http://www.w3.org/2001/XMLSchema-instance" xsi:noNamespaceSchemaLocation="https://maven.apache.org/surefire/maven-surefire-plugin/xsd/surefire-test-report-3.0.xsd" version="3.0" name="Controller.CarOwnerControllerTest" time="4.529" tests="8" errors="0" skipped="0" failures="0">
  <properties>
[...]
</properties>
  <testcase name="testRemoveOwnerFailure" classname="Controller.CarOwnerControllerTest" time="3.938">
    <system-out><![CDATA[Unable to remove Owner: java.sql.SQLException
]]></system-out>
  </testcase>
  <testcase name="testRemoveOwner" classname="Controller.CarOwnerControllerTest" time="0.0"/>
  <testcase name="testGetOwnersByName" classname="Controller.CarOwnerControllerTest" time="0.356"/>
  <testcase name="testClearBalanceFailure" classname="Controller.CarOwnerControllerTest" time="0.013">
    <system-out><![CDATA[Unable to update car_owner: java.sql.SQLException
]]></system-out>
  </testcase>
  <testcase name="testGetAllOwners" classname="Controller.CarOwnerControllerTest" time="0.002"/>
  <testcase name="testClearBalance" classname="Controller.CarOwnerControllerTest" time="0.011"/>
  <testcase name="testGetOwnerById" classname="Controller.CarOwnerControllerTest" time="0.004"/>
  <testcase name="testConstructor" classname="Controller.CarOwnerControllerTest" time="0.006"/>
</testsuite>