GROUP,PACKAGE,CLASS,INSTRUCTION_MISSED,INSTRUCTION_COVERED,BRANCH_MISSED,BRANCH_COVERED,LINE_MISSED,LINE_COVERED,COMPLEXITY_MISSED,COMPLEXITY_COVERED,METHOD_MISSED,METHOD_COVERED
RentAndRoll,Backend,MysqlCon,28,0,0,0,9,0,2,0,2,0
RentAndRoll,Model,Car,45,0,0,0,19,0,13,0,13,0
RentAndRoll,Model,Booking,45,0,0,0,19,0,13,0,13,0
RentAndRoll,Model,CarOwner,0,46,0,0,0,19,0,10,0,10
RentAndRoll,Model,Customer,0,46,0,0,0,19,0,10,0,10
RentAndRoll,Controller,BookingController,246,0,10,0,80,0,13,0,8,0
RentAndRoll,Controller,CarController,3,0,0,0,1,0,1,0,1,0
RentAndRoll,Controller,CarOwnerController,87,184,4,6,28,55,4,9,2,6
RentAndRoll,Controller,CustomerController,5,275,2,8,2,87,2,15,0,12
RentAndRoll,utilities,DatabaseConnector,11,10,2,0,6,3,2,2,1,2
RentAndRoll,View,AddCustomer.new WindowAdapter() {...},14,0,0,0,4,0,2,0,2,0
RentAndRoll,View,AddCar.new ActionListener() {...},13,0,0,0,4,0,2,0,2,0
RentAndRoll,View,OwnerDashboard,439,0,12,0,77,0,12,0,3,0
RentAndRoll,View,AddCar.new ActionListener() {...},37,0,0,0,7,0,2,0,2,0
RentAndRoll,View,AddCar.new WindowAdapter() {...},13,0,0,0,4,0,2,0,2,0
RentAndRoll,View,Login.LoginActionListener,84,0,9,0,19,0,7,0,2,0
RentAndRoll,View,RemoveCar.new ActionListener() {...},13,0,0,0,3,0,2,0,2,0
RentAndRoll,View,CarDashboard.new DefaultTableModel() {...},10,0,0,0,2,0,2,0,2,0
RentAndRoll,View,RemoveCar.new ActionListener() {...},13,0,0,0,4,0,2,0,2,0
RentAndRoll,View,RemoveCustomer.Customer_RemoveActionListener,30,0,3,0,7,0,4,0,2,0
RentAndRoll,View,BookingDashboard.new DefaultTableModel() {...},10,0,0,0,2,0,2,0,2,0
RentAndRoll,View,RemoveCustomer.new WindowAdapter() {...},14,0,0,0,4,0,2,0,2,0
RentAndRoll,View,RemoveCar.new WindowAdapter() {...},13,0,0,0,4,0,2,0,2,0
RentAndRoll,View,AddCarOwner.new WindowAdapter() {...},14,0,0,0,4,0,2,0,2,0
RentAndRoll,View,RemoveCustomer,142,0,0,0,22,0,1,0,1,0
RentAndRoll,View,CustomerDashboard.new DefaultTableModel() {...},10,0,0,0,2,0,2,0,2,0
RentAndRoll,View,RemoveBooking.new ActionListener() {...},13,0,0,0,3,0,2,0,2,0
RentAndRoll,View,RemoveBooking.new WindowAdapter() {...},13,0,0,0,4,0,2,0,2,0
RentAndRoll,View,RemoveBooking.new ActionListener() {...},13,0,0,0,4,0,2,0,2,0
RentAndRoll,View,Runner,99,0,2,0,28,0,5,0,4,0
RentAndRoll,View,RemoveCarOwner.new WindowAdapter() {...},14,0,0,0,4,0,2,0,2,0
RentAndRoll,View,BookingDashboard,324,0,0,0,52,0,3,0,3,0
RentAndRoll,View,CarDashboard,420,0,0,0,64,0,3,0,3,0
RentAndRoll,View,BookingDashboard.Booking_Details_ActionListener,42,0,5,0,13,0,6,0,2,0
RentAndRoll,View,ParentFrame.new WindowAdapter() {...},19,0,2,0,5,0,3,0,2,0
RentAndRoll,View,AddCarOwner.CarOwner_Add_ActionListener,79,0,9,0,18,0,7,0,2,0
RentAndRoll,View,CarDashboard.Car_Details_ActionListener,68,0,7,0,22,0,8,0,2,0
RentAndRoll,View,RemoveCarOwner.CarOwner_Remove_ActionListener,37,0,5,0,9,0,5,0,2,0
RentAndRoll,View,AddBooking.new WindowAdapter() {...},13,0,0,0,4,0,2,0,2,0
RentAndRoll,View,MainMenu,226,0,5,0,48,0,7,0,3,0
RentAndRoll,View,RemoveCar,112,0,0,0,21,0,1,0,1,0
RentAndRoll,View,AddCustomer,197,0,0,0,30,0,1,0,1,0
RentAndRoll,View,Login,397,0,0,0,59,0,2,0,2,0
RentAndRoll,View,AddCarOwner,189,0,0,0,28,0,1,0,1,0
RentAndRoll,View,UpdateCarOwner.new ActionListener() {...},14,0,0,0,4,0,2,0,2,0
RentAndRoll,View,UpdateCarOwner.new ActionListener() {...},13,0,0,0,3,0,2,0,2,0
RentAndRoll,View,AddBooking.new ActionListener() {...},13,0,0,0,4,0,2,0,2,0
RentAndRoll,View,RemoveCarOwner,142,0,0,0,22,0,1,0,1,0
RentAndRoll,View,AddBooking.new ActionListener() {...},13,0,0,0,3,0,2,0,2,0
RentAndRoll,View,ParentFrame.Parent_JFrame_ActionListner,57,0,6,0,16,0,6,0,2,0
RentAndRoll,View,CustomerDashboard,451,0,11,0,78,0,11,0,3,0
RentAndRoll,View,AddCar,507,0,2,0,77,0,2,0,1,0
RentAndRoll,View,OwnerDashboard.new DefaultTableModel() {...},10,0,0,0,2,0,2,0,2,0
RentAndRoll,View,RemoveBooking,112,0,0,0,21,0,1,0,1,0
RentAndRoll,View,ParentFrame,92,0,0,0,19,0,2,0,2,0
RentAndRoll,View,UpdateCarOwner.new WindowAdapter() {...},14,0,0,0,4,0,2,0,2,0
RentAndRoll,View,UpdateCarOwner,142,0,0,0,22,0,1,0,1,0
RentAndRoll,View,AddCustomer.Customer_Add_ActionListener,36,0,3,0,8,0,4,0,2,0
RentAndRoll,View,AddBooking,141,0,0,0,26,0,1,0,1,0
